-------------------------------------------------------------------------------
Test set: com.devonfw.application.jtqj.general.service.impl.rest.SecurityRestServiceImplTest
-------------------------------------------------------------------------------
Tests run: 3, Failures: 0, Errors: 2, Skipped: 0, Time elapsed: 6.395 s <<< FAILURE! - in com.devonfw.application.jtqj.general.service.impl.rest.SecurityRestServiceImplTest
testGetCurrentUser(com.devonfw.application.jtqj.general.service.impl.rest.SecurityRestServiceImplTest)  Time elapsed: 0.258 s  <<< ERROR!
java.lang.reflect.InaccessibleObjectException: Unable to make field private static volatile java.net.Authenticator java.net.Authenticator.theAuthenticator accessible: module java.base does not "opens java.net" to unnamed module @25618e91
	at com.devonfw.application.jtqj.general.service.impl.rest.SecurityRestServiceImplTest.testGetCurrentUser(SecurityRestServiceImplTest.java:71)

testLogin(com.devonfw.application.jtqj.general.service.impl.rest.SecurityRestServiceImplTest)  Time elapsed: 2.05 s  <<< ERROR!
org.springframework.web.client.HttpClientErrorException$NotFound: 404 null
	at com.devonfw.application.jtqj.general.service.impl.rest.SecurityRestServiceImplTest.login(SecurityRestServiceImplTest.java:92)
	at com.devonfw.application.jtqj.general.service.impl.rest.SecurityRestServiceImplTest.testLogin(SecurityRestServiceImplTest.java:40)

